<?xml version="1.0" encoding="UTF-8"?>
<!-- Generated by org.testng.reporters.JUnitReportReporter -->
<testsuite hostname="PC-Nethra-1076" name="test.Regression.TestLogin_SC01" tests="2" failures="0" timestamp="13 Mar 2017 09:32:35 GMT" time="41.033" errors="0">
  <testcase name="VerifyInvalidLogin_TC02" time="21.903" classname="test.Regression.TestLogin_SC01"/>
  <testcase name="VerifyValidLogin_TC01" time="19.130" classname="test.Regression.TestLogin_SC01"/>
</testsuite> <!-- test.Regression.TestLogin_SC01 -->
