<?xml version="1.0" encoding="UTF-8"?>
<!-- Generated by org.testng.reporters.JUnitReportReporter -->
<testsuite hostname="PC-Nethra-1076" name="test.Regression.TestLogin_SC01" tests="2" failures="0" timestamp="16 Mar 2017 11:18:53 GMT" time="137.746" errors="0">
  <testcase name="VerifyValidLogin_TC01" time="78.060" classname="test.Regression.TestLogin_SC01"/>
  <testcase name="VerifyInvalidLogin_TC02" time="59.686" classname="test.Regression.TestLogin_SC01"/>
</testsuite> <!-- test.Regression.TestLogin_SC01 -->
